<?xml version="1.0" encoding="UTF-8"?>
<!-- Generated by org.testng.reporters.JUnitXMLReporter -->
<testsuite hostname="MoneyPC" ignored="0" name="surveyMonkeyPracticeLogin" tests="5" failures="0" timestamp="10 Jul 2020 18:18:33 GMT" time="35.726" errors="0">
  <testcase name="enterLoginDetails" time="3.204" classname="com.TestngConcepts.com.LoginTest"/>
  <testcase name="verifySignUpIsDisplayed" time="0.127" classname="com.TestngConcepts.com.SignUpLinkTest"/>
  <testcase name="checkTitle" time="0.054" classname="com.TestngConcepts.com.checkTitle"/>
  <testcase name="enterLoginDetails" time="3.112" classname="com.TestngConcepts.com.DashboardisPresent"/>
  <testcase name="checkDashboardIsPresent" time="0.425" classname="com.TestngConcepts.com.DashboardisPresent"/>
</testsuite> <!-- surveyMonkeyPracticeLogin -->
