<?xml version="1.0" encoding="UTF-8"?>
<!-- Generated by org.testng.reporters.JUnitXMLReporter -->
<testsuite hostname="MoneyPC" ignored="0" name="Functional testing2" tests="2" failures="0" timestamp="13 Jul 2020 18:29:10 GMT" time="11.207" errors="0">
  <testcase name="enterLoginDetails" time="2.086" classname="com.TestngConcepts.com.DashboardisPresent"/>
  <testcase name="checkDashboardIsPresent" time="1.932" classname="com.TestngConcepts.com.DashboardisPresent"/>
</testsuite> <!-- Functional testing2 -->
