<?xml version="1.0" encoding="UTF-8"?>
<!-- Generated by org.testng.reporters.JUnitXMLReporter -->
<testsuite hostname="MoneyPC" ignored="0" name="Functional testing" tests="4" failures="0" timestamp="10 Jul 2020 18:06:16 GMT" time="26.792" errors="0">
  <testcase name="verifySignUpIsDisplayed" time="0.986" classname="com.TestngConcepts.com.SignUpLinkTest"/>
  <testcase name="enterLoginDetails" time="2.447" classname="com.TestngConcepts.com.DashboardisPresent"/>
  <testcase name="checkDashboardIsPresent" time="0.913" classname="com.TestngConcepts.com.DashboardisPresent"/>
  <testcase name="enterLoginDetails" time="1.322" classname="com.TestngConcepts.com.LoginTest"/>
</testsuite> <!-- Functional testing -->
